gyp info it worked if it ends with ok
gyp info using node-gyp@10.2.0
gyp info using node@22.11.0 | darwin | arm64
gyp info find Python using Python version 3.13.3 found at "/Library/Frameworks/Python.framework/Versions/3.13/bin/python3"
gyp info spawn /Library/Frameworks/Python.framework/Versions/3.13/bin/python3
gyp info spawn args [
gyp info spawn args '/Users/anirbanbiswas/.nvm/versions/node/v22.11.0/lib/node_modules/npm/node_modules/node-gyp/gyp/gyp_main.py',
gyp info spawn args 'binding.gyp',
gyp info spawn args '-f',
gyp info spawn args 'make',
gyp info spawn args '-I',
gyp info spawn args '/Users/anirbanbiswas/Desktop/Lab Assignments/blockchain project/PeerPool-Blockchain Project/peerpool/node_modules/ursa-optional/build/config.gypi',
gyp info spawn args '-I',
gyp info spawn args '/Users/anirbanbiswas/.nvm/versions/node/v22.11.0/lib/node_modules/npm/node_modules/node-gyp/addon.gypi',
gyp info spawn args '-I',
gyp info spawn args '/Users/anirbanbiswas/Library/Caches/node-gyp/22.11.0/include/node/common.gypi',
gyp info spawn args '-Dlibrary=shared_library',
gyp info spawn args '-Dvisibility=default',
gyp info spawn args '-Dnode_root_dir=/Users/anirbanbiswas/Library/Caches/node-gyp/22.11.0',
gyp info spawn args '-Dnode_gyp_dir=/Users/anirbanbiswas/.nvm/versions/node/v22.11.0/lib/node_modules/npm/node_modules/node-gyp',
gyp info spawn args '-Dnode_lib_file=/Users/anirbanbiswas/Library/Caches/node-gyp/22.11.0/<(target_arch)/node.lib',
gyp info spawn args '-Dmodule_root_dir=/Users/anirbanbiswas/Desktop/Lab Assignments/blockchain project/PeerPool-Blockchain Project/peerpool/node_modules/ursa-optional',
gyp info spawn args '-Dnode_engine=v8',
gyp info spawn args '--depth=.',
gyp info spawn args '--no-parallel',
gyp info spawn args '--generator-output',
gyp info spawn args 'build',
gyp info spawn args '-Goutput_dir=.'
gyp info spawn args ]
gyp info spawn make
gyp info spawn args [ 'BUILDTYPE=Release', '-C', 'build' ]
In file included from ../src/ursaNative.cc:3:
In file included from ../src/ursaNative.h:10:
In file included from ../../nan/nan.h:176:
../../nan/nan_callbacks.h:55:23: error: no member named 'AccessorSignature' in namespace 'v8'
   55 | typedef v8::Local<v8::AccessorSignature> Sig;
      |                   ~~~~^
In file included from ../src/ursaNative.cc:3:
In file included from ../src/ursaNative.h:10:
../../nan/nan.h:2294:7: warning: cast from 'void (*)(uv_work_t *)' (aka 'void (*)(uv_work_s *)') to 'uv_after_work_cb' (aka 'void (*)(uv_work_s *, int)') converts to incompatible function type [-Wcast-function-type-mismatch]
 2294 |     , reinterpret_cast<uv_after_work_cb>(AsyncExecuteComplete)
      |       ^~~~~~~~~~~~~~~~~~~~~~~~~~~~~~~~~~~~~~~~~~~~~~~~~~~~~~~~
../../nan/nan.h:2535:8: error: no matching member function for call to 'SetAccessor'
 2535 |   tpl->SetAccessor(
      |   ~~~~~^~~~~~~~~~~
/Users/anirbanbiswas/Library/Caches/node-gyp/22.11.0/include/node/v8-template.h:1049:8: note: candidate function not viable: no known conversion from 'imp::NativeGetter' (aka 'void (*)(v8::Local<v8::Name>, const v8::PropertyCallbackInfo<v8::Value> &)') to 'AccessorGetterCallback' (aka 'void (*)(Local<String>, const PropertyCallbackInfo<Value> &)') for 2nd argument
 1049 |   void SetAccessor(
      |        ^
 1050 |       Local<String> name, AccessorGetterCallback getter,
      |                           ~~~~~~~~~~~~~~~~~~~~~~~~~~~~~
/Users/anirbanbiswas/Library/Caches/node-gyp/22.11.0/include/node/v8-template.h:1055:8: note: candidate function not viable: no known conversion from 'v8::AccessControl' to 'PropertyAttribute' for 5th argument
 1055 |   void SetAccessor(
      |        ^
 1056 |       Local<Name> name, AccessorNameGetterCallback getter,
 1057 |       AccessorNameSetterCallback setter = nullptr,
 1058 |       Local<Value> data = Local<Value>(), PropertyAttribute attribute = None,
      |                                           ~~~~~~~~~~~~~~~~~~~~~~~~~~~~~~~~~~
../src/ursaNative.cc:389:1: warning: cast from 'void (*)(Local<Object>)' to 'node::addon_register_func' (aka 'void (*)(v8::Local<v8::Object>, v8::Local<v8::Value>, void *)') converts to incompatible function type [-Wcast-function-type-mismatch]
  389 | NODE_MODULE(ursaNative, init)
      | ^~~~~~~~~~~~~~~~~~~~~~~~~~~~~
/Users/anirbanbiswas/Library/Caches/node-gyp/22.11.0/include/node/node.h:1266:3: note: expanded from macro 'NODE_MODULE'
 1266 |   NODE_MODULE_X(modname, regfunc, NULL, 0)  // NOLINT (readability/null_usage)
      |   ^~~~~~~~~~~~~~~~~~~~~~~~~~~~~~~~~~~~~~~~
/Users/anirbanbiswas/Library/Caches/node-gyp/22.11.0/include/node/node.h:1232:7: note: expanded from macro 'NODE_MODULE_X'
 1232 |       (node::addon_register_func) (regfunc),                          \
      |       ^~~~~~~~~~~~~~~~~~~~~~~~~~~~~~~~~~~~~
../src/ursaNative.cc:543:32: error: too few arguments to function call, single argument 'isolate' was not specified
  543 |   int length = str->Utf8Length();
      |                ~~~~~~~~~~~~~~~ ^
/Users/anirbanbiswas/Library/Caches/node-gyp/22.11.0/include/node/v8-primitive.h:143:7: note: 'Utf8Length' declared here
  143 |   int Utf8Length(Isolate* isolate) const;
      |       ^          ~~~~~~~~~~~~~~~~
../src/ursaNative.cc:553:18: error: cannot initialize a parameter of type 'Isolate *' with an lvalue of type 'char *'
  553 |   str->WriteUtf8(result, length + 1);
      |                  ^~~~~~
/Users/anirbanbiswas/Library/Caches/node-gyp/22.11.0/include/node/v8-primitive.h:203:26: note: passing argument to parameter 'isolate' here
  203 |   int WriteUtf8(Isolate* isolate, char* buffer, int length = -1,
      |                          ^
../src/ursaNative.cc:588:17: warning: 'RSA_new' is deprecated [-Wdeprecated-declarations]
  588 |   RSA *result = RSA_new();
      |                 ^
/Users/anirbanbiswas/Library/Caches/node-gyp/22.11.0/include/node/openssl/rsa.h:201:1: note: 'RSA_new' has been explicitly marked deprecated here
  201 | OSSL_DEPRECATEDIN_3_0 RSA *RSA_new(void);
      | ^
/Users/anirbanbiswas/Library/Caches/node-gyp/22.11.0/include/node/openssl/macros.h:182:49: note: expanded from macro 'OSSL_DEPRECATEDIN_3_0'
  182 | #   define OSSL_DEPRECATEDIN_3_0                OSSL_DEPRECATED(3.0)
      |                                                 ^
/Users/anirbanbiswas/Library/Caches/node-gyp/22.11.0/include/node/openssl/macros.h:62:52: note: expanded from macro 'OSSL_DEPRECATED'
   62 | #     define OSSL_DEPRECATED(since) __attribute__((deprecated))
      |                                                    ^
../src/ursaNative.cc:596:7: warning: 'RSA_generate_key_ex' is deprecated [-Wdeprecated-declarations]
  596 |   if (RSA_generate_key_ex(result, num, eBig, NULL) < 0)
      |       ^
/Users/anirbanbiswas/Library/Caches/node-gyp/22.11.0/include/node/openssl/rsa.h:260:1: note: 'RSA_generate_key_ex' has been explicitly marked deprecated here
  260 | OSSL_DEPRECATEDIN_3_0 int RSA_generate_key_ex(RSA *rsa, int bits, BIGNUM *e,
      | ^
/Users/anirbanbiswas/Library/Caches/node-gyp/22.11.0/include/node/openssl/macros.h:182:49: note: expanded from macro 'OSSL_DEPRECATEDIN_3_0'
  182 | #   define OSSL_DEPRECATEDIN_3_0                OSSL_DEPRECATED(3.0)
      |                                                 ^
/Users/anirbanbiswas/Library/Caches/node-gyp/22.11.0/include/node/openssl/macros.h:62:52: note: expanded from macro 'OSSL_DEPRECATED'
   62 | #     define OSSL_DEPRECATED(since) __attribute__((deprecated))
      |                                                    ^
../src/ursaNative.cc:598:5: warning: 'RSA_free' is deprecated [-Wdeprecated-declarations]
  598 |     RSA_free(result);
      |     ^
/Users/anirbanbiswas/Library/Caches/node-gyp/22.11.0/include/node/openssl/rsa.h:293:1: note: 'RSA_free' has been explicitly marked deprecated here
  293 | OSSL_DEPRECATEDIN_3_0 void RSA_free(RSA *r);
      | ^
/Users/anirbanbiswas/Library/Caches/node-gyp/22.11.0/include/node/openssl/macros.h:182:49: note: expanded from macro 'OSSL_DEPRECATEDIN_3_0'
  182 | #   define OSSL_DEPRECATEDIN_3_0                OSSL_DEPRECATED(3.0)
      |                                                 ^
/Users/anirbanbiswas/Library/Caches/node-gyp/22.11.0/include/node/openssl/macros.h:62:52: note: expanded from macro 'OSSL_DEPRECATED'
   62 | #     define OSSL_DEPRECATED(since) __attribute__((deprecated))
      |                                                    ^
../src/ursaNative.cc:690:68: error: too few arguments to function call, single argument 'context' was not specified
  690 |   target->Set(NanNew("RsaWrap").ToLocalChecked(), tpl->GetFunction());
      |                                                   ~~~~~~~~~~~~~~~~ ^
/Users/anirbanbiswas/Library/Caches/node-gyp/22.11.0/include/node/v8-template.h:596:46: note: 'GetFunction' declared here
  596 |   V8_WARN_UNUSED_RESULT MaybeLocal<Function> GetFunction(
      |                                              ^
  597 |       Local<Context> context);
      |       ~~~~~~~~~~~~~~~~~~~~~~
../src/ursaNative.cc:690:11: error: no matching member function for call to 'Set'
  690 |   target->Set(NanNew("RsaWrap").ToLocalChecked(), tpl->GetFunction());
      |   ~~~~~~~~^~~
/Users/anirbanbiswas/Library/Caches/node-gyp/22.11.0/include/node/v8-object.h:240:37: note: candidate function not viable: requires 3 arguments, but 2 were provided
  240 |   V8_WARN_UNUSED_RESULT Maybe<bool> Set(Local<Context> context,
      |                                     ^   ~~~~~~~~~~~~~~~~~~~~~~~
  241 |                                         Local<Value> key, Local<Value> value);
      |                                         ~~~~~~~~~~~~~~~~~~~~~~~~~~~~~~~~~~~~
/Users/anirbanbiswas/Library/Caches/node-gyp/22.11.0/include/node/v8-object.h:243:37: note: candidate function not viable: requires 3 arguments, but 2 were provided
  243 |   V8_WARN_UNUSED_RESULT Maybe<bool> Set(Local<Context> context, uint32_t index,
      |                                     ^   ~~~~~~~~~~~~~~~~~~~~~~~~~~~~~~~~~~~~~~~
  244 |                                         Local<Value> value);
      |                                         ~~~~~~~~~~~~~~~~~~
../src/ursaNative.cc:691:38: error: too few arguments to function call, single argument 'context' was not specified
  691 |   constructor.Reset(tpl->GetFunction());
      |                     ~~~~~~~~~~~~~~~~ ^
/Users/anirbanbiswas/Library/Caches/node-gyp/22.11.0/include/node/v8-template.h:596:46: note: 'GetFunction' declared here
  596 |   V8_WARN_UNUSED_RESULT MaybeLocal<Function> GetFunction(
      |                                              ^
  597 |       Local<Context> context);
      |       ~~~~~~~~~~~~~~~~~~~~~~
../src/ursaNative.cc:691:15: error: no matching member function for call to 'Reset'
  691 |   constructor.Reset(tpl->GetFunction());
      |   ~~~~~~~~~~~~^~~~~
../../nan/nan_persistent_12_inl.h:28:15: note: candidate template ignored: could not match 'Local' against 'MaybeLocal'
   28 |   inline void Reset(const v8::Local<S> &other) {
      |               ^
../../nan/nan_persistent_12_inl.h:33:15: note: candidate template ignored: could not match 'PersistentBase' against 'MaybeLocal'
   33 |   inline void Reset(const v8::PersistentBase<S> &other) {
      |               ^
../../nan/nan_persistent_12_inl.h:25:15: note: candidate function not viable: requires 0 arguments, but 1 was provided
   25 |   inline void Reset() { v8::PersistentBase<T>::Reset(); }
      |               ^
../src/ursaNative.cc:693:104: error: too few arguments to function call, single argument 'context' was not specified
  693 |   target->Set(NanNew("textToNid").ToLocalChecked(), Nan::New<FunctionTemplate>(TextToNid)->GetFunction());
      |                                                     ~~~~~~~~~~~~~~~~~~~~~~~~~~~~~~~~~~~~~~~~~~~~~~~~~~ ^
/Users/anirbanbiswas/Library/Caches/node-gyp/22.11.0/include/node/v8-template.h:596:46: note: 'GetFunction' declared here
  596 |   V8_WARN_UNUSED_RESULT MaybeLocal<Function> GetFunction(
      |                                              ^
  597 |       Local<Context> context);
      |       ~~~~~~~~~~~~~~~~~~~~~~
../src/ursaNative.cc:693:11: error: no matching member function for call to 'Set'
  693 |   target->Set(NanNew("textToNid").ToLocalChecked(), Nan::New<FunctionTemplate>(TextToNid)->GetFunction());
      |   ~~~~~~~~^~~
/Users/anirbanbiswas/Library/Caches/node-gyp/22.11.0/include/node/v8-object.h:240:37: note: candidate function not viable: requires 3 arguments, but 2 were provided
  240 |   V8_WARN_UNUSED_RESULT Maybe<bool> Set(Local<Context> context,
      |                                     ^   ~~~~~~~~~~~~~~~~~~~~~~~
  241 |                                         Local<Value> key, Local<Value> value);
      |                                         ~~~~~~~~~~~~~~~~~~~~~~~~~~~~~~~~~~~~
/Users/anirbanbiswas/Library/Caches/node-gyp/22.11.0/include/node/v8-object.h:243:37: note: candidate function not viable: requires 3 arguments, but 2 were provided
  243 |   V8_WARN_UNUSED_RESULT Maybe<bool> Set(Local<Context> context, uint32_t index,
      |                                     ^   ~~~~~~~~~~~~~~~~~~~~~~~~~~~~~~~~~~~~~~~
  244 |                                         Local<Value> value);
      |                                         ~~~~~~~~~~~~~~~~~~
../src/ursaNative.cc:713:5: warning: 'RSA_free' is deprecated [-Wdeprecated-declarations]
  713 |     RSA_free(rsa);
      |     ^
/Users/anirbanbiswas/Library/Caches/node-gyp/22.11.0/include/node/openssl/rsa.h:293:1: note: 'RSA_free' has been explicitly marked deprecated here
  293 | OSSL_DEPRECATEDIN_3_0 void RSA_free(RSA *r);
      | ^
/Users/anirbanbiswas/Library/Caches/node-gyp/22.11.0/include/node/openssl/macros.h:182:49: note: expanded from macro 'OSSL_DEPRECATEDIN_3_0'
  182 | #   define OSSL_DEPRECATEDIN_3_0                OSSL_DEPRECATED(3.0)
      |                                                 ^
/Users/anirbanbiswas/Library/Caches/node-gyp/22.11.0/include/node/openssl/macros.h:62:52: note: expanded from macro 'OSSL_DEPRECATED'
   62 | #     define OSSL_DEPRECATED(since) __attribute__((deprecated))
      |                                                    ^
../src/ursaNative.cc:740:16: warning: 'RSA_new' is deprecated [-Wdeprecated-declarations]
  740 |     obj->rsa = RSA_new();
      |                ^
/Users/anirbanbiswas/Library/Caches/node-gyp/22.11.0/include/node/openssl/rsa.h:201:1: note: 'RSA_new' has been explicitly marked deprecated here
  201 | OSSL_DEPRECATEDIN_3_0 RSA *RSA_new(void);
      | ^
/Users/anirbanbiswas/Library/Caches/node-gyp/22.11.0/include/node/openssl/macros.h:182:49: note: expanded from macro 'OSSL_DEPRECATEDIN_3_0'
  182 | #   define OSSL_DEPRECATEDIN_3_0                OSSL_DEPRECATED(3.0)
      |                                                 ^
/Users/anirbanbiswas/Library/Caches/node-gyp/22.11.0/include/node/openssl/macros.h:62:52: note: expanded from macro 'OSSL_DEPRECATED'
   62 | #     define OSSL_DEPRECATED(since) __attribute__((deprecated))
      |                                                    ^
../src/ursaNative.cc:748:3: warning: 'RSA_set0_key' is deprecated [-Wdeprecated-declarations]
  748 |   RSA_set0_key(obj->rsa, obj->rsa_n, obj->rsa_e, NULL);
      |   ^
/Users/anirbanbiswas/Library/Caches/node-gyp/22.11.0/include/node/openssl/rsa.h:207:1: note: 'RSA_set0_key' has been explicitly marked deprecated here
  207 | OSSL_DEPRECATEDIN_3_0 int RSA_set0_key(RSA *r, BIGNUM *n, BIGNUM *e, BIGNUM *d);
      | ^
/Users/anirbanbiswas/Library/Caches/node-gyp/22.11.0/include/node/openssl/macros.h:182:49: note: expanded from macro 'OSSL_DEPRECATEDIN_3_0'
  182 | #   define OSSL_DEPRECATEDIN_3_0                OSSL_DEPRECATED(3.0)
      |                                                 ^
/Users/anirbanbiswas/Library/Caches/node-gyp/22.11.0/include/node/openssl/macros.h:62:52: note: expanded from macro 'OSSL_DEPRECATED'
   62 | #     define OSSL_DEPRECATED(since) __attribute__((deprecated))
      |                                                    ^
../src/ursaNative.cc:766:5: warning: 'RSA_get0_key' is deprecated [-Wdeprecated-declarations]
  766 |     RSA_get0_key(obj->rsa, NULL, NULL, (const BIGNUM **)&obj->rsa_d);
      |     ^
/Users/anirbanbiswas/Library/Caches/node-gyp/22.11.0/include/node/openssl/rsa.h:217:1: note: 'RSA_get0_key' has been explicitly marked deprecated here
  217 | OSSL_DEPRECATEDIN_3_0 void RSA_get0_key(const RSA *r,
      | ^
/Users/anirbanbiswas/Library/Caches/node-gyp/22.11.0/include/node/openssl/macros.h:182:49: note: expanded from macro 'OSSL_DEPRECATEDIN_3_0'
  182 | #   define OSSL_DEPRECATEDIN_3_0                OSSL_DEPRECATED(3.0)
      |                                                 ^
/Users/anirbanbiswas/Library/Caches/node-gyp/22.11.0/include/node/openssl/macros.h:62:52: note: expanded from macro 'OSSL_DEPRECATED'
   62 | #     define OSSL_DEPRECATED(since) __attribute__((deprecated))
      |                                                    ^
../src/ursaNative.cc:866:42: error: too few arguments to function call, single argument 'context' was not specified
  866 |   int modulusBits = args[0]->Uint32Value();
      |                     ~~~~~~~~~~~~~~~~~~~~ ^
/Users/anirbanbiswas/Library/Caches/node-gyp/22.11.0/include/node/v8-value.h:445:41: note: 'Uint32Value' declared here
  445 |   V8_WARN_UNUSED_RESULT Maybe<uint32_t> Uint32Value(
      |                                         ^
  446 |       Local<Context> context) const;
      |       ~~~~~~~~~~~~~~~~~~~~~~
../src/ursaNative.cc:866:7: error: no viable conversion from 'Maybe<uint32_t>' (aka 'Maybe<unsigned int>') to 'int'
  866 |   int modulusBits = args[0]->Uint32Value();
      |       ^             ~~~~~~~~~~~~~~~~~~~~~~
../src/ursaNative.cc:867:39: error: too few arguments to function call, single argument 'context' was not specified
  867 |   int exponent = args[1]->Uint32Value();
      |                  ~~~~~~~~~~~~~~~~~~~~ ^
/Users/anirbanbiswas/Library/Caches/node-gyp/22.11.0/include/node/v8-value.h:445:41: note: 'Uint32Value' declared here
  445 |   V8_WARN_UNUSED_RESULT Maybe<uint32_t> Uint32Value(
      |                                         ^
  446 |       Local<Context> context) const;
      |       ~~~~~~~~~~~~~~~~~~~~~~
../src/ursaNative.cc:867:7: error: no viable conversion from 'Maybe<uint32_t>' (aka 'Maybe<unsigned int>') to 'int'
  867 |   int exponent = args[1]->Uint32Value();
      |       ^          ~~~~~~~~~~~~~~~~~~~~~~
../src/ursaNative.cc:922:3: warning: 'RSA_get0_key' is deprecated [-Wdeprecated-declarations]
  922 |   RSA_get0_key(obj->rsa, NULL, (const BIGNUM **)&obj->rsa_e, NULL);
      |   ^
/Users/anirbanbiswas/Library/Caches/node-gyp/22.11.0/include/node/openssl/rsa.h:217:1: note: 'RSA_get0_key' has been explicitly marked deprecated here
  217 | OSSL_DEPRECATEDIN_3_0 void RSA_get0_key(const RSA *r,
      | ^
/Users/anirbanbiswas/Library/Caches/node-gyp/22.11.0/include/node/openssl/macros.h:182:49: note: expanded from macro 'OSSL_DEPRECATEDIN_3_0'
  182 | #   define OSSL_DEPRECATEDIN_3_0                OSSL_DEPRECATED(3.0)
      |                                                 ^
/Users/anirbanbiswas/Library/Caches/node-gyp/22.11.0/include/node/openssl/macros.h:62:52: note: expanded from macro 'OSSL_DEPRECATED'
   62 | #     define OSSL_DEPRECATED(since) __attribute__((deprecated))
      |                                                    ^
../src/ursaNative.cc:943:3: warning: 'RSA_get0_key' is deprecated [-Wdeprecated-declarations]
  943 |   RSA_get0_key(obj->rsa, NULL, NULL, (const BIGNUM **)&obj->rsa_d);
      |   ^
/Users/anirbanbiswas/Library/Caches/node-gyp/22.11.0/include/node/openssl/rsa.h:217:1: note: 'RSA_get0_key' has been explicitly marked deprecated here
  217 | OSSL_DEPRECATEDIN_3_0 void RSA_get0_key(const RSA *r,
      | ^
/Users/anirbanbiswas/Library/Caches/node-gyp/22.11.0/include/node/openssl/macros.h:182:49: note: expanded from macro 'OSSL_DEPRECATEDIN_3_0'
  182 | #   define OSSL_DEPRECATEDIN_3_0                OSSL_DEPRECATED(3.0)
      |                                                 ^
/Users/anirbanbiswas/Library/Caches/node-gyp/22.11.0/include/node/openssl/macros.h:62:52: note: expanded from macro 'OSSL_DEPRECATED'
   62 | #     define OSSL_DEPRECATED(since) __attribute__((deprecated))
      |                                                    ^
../src/ursaNative.cc:963:3: warning: 'RSA_get0_key' is deprecated [-Wdeprecated-declarations]
  963 |   RSA_get0_key(obj->rsa, (const BIGNUM **)&obj->rsa_n, NULL, NULL);
      |   ^
/Users/anirbanbiswas/Library/Caches/node-gyp/22.11.0/include/node/openssl/rsa.h:217:1: note: 'RSA_get0_key' has been explicitly marked deprecated here
  217 | OSSL_DEPRECATEDIN_3_0 void RSA_get0_key(const RSA *r,
      | ^
/Users/anirbanbiswas/Library/Caches/node-gyp/22.11.0/include/node/openssl/macros.h:182:49: note: expanded from macro 'OSSL_DEPRECATEDIN_3_0'
  182 | #   define OSSL_DEPRECATEDIN_3_0                OSSL_DEPRECATED(3.0)
      |                                                 ^
/Users/anirbanbiswas/Library/Caches/node-gyp/22.11.0/include/node/openssl/macros.h:62:52: note: expanded from macro 'OSSL_DEPRECATED'
   62 | #     define OSSL_DEPRECATED(since) __attribute__((deprecated))
      |                                                    ^
../src/ursaNative.cc:1012:8: warning: 'PEM_write_bio_RSAPrivateKey' is deprecated [-Wdeprecated-declarations]
 1012 |   if (!PEM_write_bio_RSAPrivateKey(bio, obj->rsa,
      |        ^
/Users/anirbanbiswas/Library/Caches/node-gyp/22.11.0/include/node/openssl/pem.h:447:24: note: 'PEM_write_bio_RSAPrivateKey' has been explicitly marked deprecated here
  447 | DECLARE_PEM_rw_cb_attr(OSSL_DEPRECATEDIN_3_0, RSAPrivateKey, RSA)
      |                        ^
/Users/anirbanbiswas/Library/Caches/node-gyp/22.11.0/include/node/openssl/macros.h:182:49: note: expanded from macro 'OSSL_DEPRECATEDIN_3_0'
  182 | #   define OSSL_DEPRECATEDIN_3_0                OSSL_DEPRECATED(3.0)
      |                                                 ^
/Users/anirbanbiswas/Library/Caches/node-gyp/22.11.0/include/node/openssl/macros.h:62:52: note: expanded from macro 'OSSL_DEPRECATED'
   62 | #     define OSSL_DEPRECATED(since) __attribute__((deprecated))
      |                                                    ^
../src/ursaNative.cc:1049:8: warning: 'PEM_write_bio_RSA_PUBKEY' is deprecated [-Wdeprecated-declarations]
 1049 |   if (!PEM_write_bio_RSA_PUBKEY(bio, obj->rsa))
      |        ^
/Users/anirbanbiswas/Library/Caches/node-gyp/22.11.0/include/node/openssl/pem.h:449:21: note: 'PEM_write_bio_RSA_PUBKEY' has been explicitly marked deprecated here
  449 | DECLARE_PEM_rw_attr(OSSL_DEPRECATEDIN_3_0, RSA_PUBKEY, RSA)
      |                     ^
/Users/anirbanbiswas/Library/Caches/node-gyp/22.11.0/include/node/openssl/macros.h:182:49: note: expanded from macro 'OSSL_DEPRECATEDIN_3_0'
  182 | #   define OSSL_DEPRECATEDIN_3_0                OSSL_DEPRECATED(3.0)
      |                                                 ^
/Users/anirbanbiswas/Library/Caches/node-gyp/22.11.0/include/node/openssl/macros.h:62:52: note: expanded from macro 'OSSL_DEPRECATED'
   62 | #     define OSSL_DEPRECATED(since) __attribute__((deprecated))
      |                                                    ^
../src/ursaNative.cc:1095:19: warning: 'RSA_size' is deprecated [-Wdeprecated-declarations]
 1095 |   int rsaLength = RSA_size(obj->rsa);
      |                   ^
/Users/anirbanbiswas/Library/Caches/node-gyp/22.11.0/include/node/openssl/rsa.h:204:1: note: 'RSA_size' has been explicitly marked deprecated here
  204 | OSSL_DEPRECATEDIN_3_0 int RSA_size(const RSA *rsa);
      | ^
/Users/anirbanbiswas/Library/Caches/node-gyp/22.11.0/include/node/openssl/macros.h:182:49: note: expanded from macro 'OSSL_DEPRECATEDIN_3_0'
  182 | #   define OSSL_DEPRECATEDIN_3_0                OSSL_DEPRECATED(3.0)
      |                                                 ^
/Users/anirbanbiswas/Library/Caches/node-gyp/22.11.0/include/node/openssl/macros.h:62:52: note: expanded from macro 'OSSL_DEPRECATED'
   62 | #     define OSSL_DEPRECATED(since) __attribute__((deprecated))
      |                                                    ^
../src/ursaNative.cc:1096:33: warning: variable length arrays in C++ are a Clang extension [-Wvla-cxx-extension]
 1096 |   VAR_ARRAY(unsigned char, buf, rsaLength);
      |                                 ^~~~~~~~~
../src/ursaNative.cc:19:47: note: expanded from macro 'VAR_ARRAY'
   19 | #define VAR_ARRAY(type, name, size) type name[size]
      |                                               ^~~~
../src/ursaNative.cc:1096:33: note: read of non-const variable 'rsaLength' is not allowed in a constant expression
../src/ursaNative.cc:1095:7: note: declared here
 1095 |   int rsaLength = RSA_size(obj->rsa);
      |       ^
../src/ursaNative.cc:1103:38: error: too few arguments to function call, single argument 'context' was not specified
 1103 |   int padding = args[1]->Uint32Value();
      |                 ~~~~~~~~~~~~~~~~~~~~ ^
/Users/anirbanbiswas/Library/Caches/node-gyp/22.11.0/include/node/v8-value.h:445:41: note: 'Uint32Value' declared here
  445 |   V8_WARN_UNUSED_RESULT Maybe<uint32_t> Uint32Value(
      |                                         ^
  446 |       Local<Context> context) const;
      |       ~~~~~~~~~~~~~~~~~~~~~~
../src/ursaNative.cc:1103:7: error: no viable conversion from 'Maybe<uint32_t>' (aka 'Maybe<unsigned int>') to 'int'
 1103 |   int padding = args[1]->Uint32Value();
      |       ^         ~~~~~~~~~~~~~~~~~~~~~~
../src/ursaNative.cc:1105:19: warning: 'RSA_private_decrypt' is deprecated [-Wdeprecated-declarations]
 1105 |   int bufLength = RSA_private_decrypt(length, (unsigned char *)data,
      |                   ^
/Users/anirbanbiswas/Library/Caches/node-gyp/22.11.0/include/node/openssl/rsa.h:290:1: note: 'RSA_private_decrypt' has been explicitly marked deprecated here
  290 | OSSL_DEPRECATEDIN_3_0
      | ^
/Users/anirbanbiswas/Library/Caches/node-gyp/22.11.0/include/node/openssl/macros.h:182:49: note: expanded from macro 'OSSL_DEPRECATEDIN_3_0'
  182 | #   define OSSL_DEPRECATEDIN_3_0                OSSL_DEPRECATED(3.0)
      |                                                 ^
/Users/anirbanbiswas/Library/Caches/node-gyp/22.11.0/include/node/openssl/macros.h:62:52: note: expanded from macro 'OSSL_DEPRECATED'
   62 | #     define OSSL_DEPRECATED(since) __attribute__((deprecated))
      |                                                    ^
../src/ursaNative.cc:1153:19: warning: 'RSA_size' is deprecated [-Wdeprecated-declarations]
 1153 |   int rsaLength = RSA_size(obj->rsa);
      |                   ^
/Users/anirbanbiswas/Library/Caches/node-gyp/22.11.0/include/node/openssl/rsa.h:204:1: note: 'RSA_size' has been explicitly marked deprecated here
  204 | OSSL_DEPRECATEDIN_3_0 int RSA_size(const RSA *rsa);
      | ^
/Users/anirbanbiswas/Library/Caches/node-gyp/22.11.0/include/node/openssl/macros.h:182:49: note: expanded from macro 'OSSL_DEPRECATEDIN_3_0'
  182 | #   define OSSL_DEPRECATEDIN_3_0                OSSL_DEPRECATED(3.0)
      |                                                 ^
/Users/anirbanbiswas/Library/Caches/node-gyp/22.11.0/include/node/openssl/macros.h:62:52: note: expanded from macro 'OSSL_DEPRECATED'
   62 | #     define OSSL_DEPRECATED(since) __attribute__((deprecated))
      |                                                    ^
../src/ursaNative.cc:1161:38: error: too few arguments to function call, single argument 'context' was not specified
 1161 |   int padding = args[1]->Uint32Value();
      |                 ~~~~~~~~~~~~~~~~~~~~ ^
/Users/anirbanbiswas/Library/Caches/node-gyp/22.11.0/include/node/v8-value.h:445:41: note: 'Uint32Value' declared here
  445 |   V8_WARN_UNUSED_RESULT Maybe<uint32_t> Uint32Value(
      |                                         ^
  446 |       Local<Context> context) const;
      |       ~~~~~~~~~~~~~~~~~~~~~~
../src/ursaNative.cc:1161:7: error: no viable conversion from 'Maybe<uint32_t>' (aka 'Maybe<unsigned int>') to 'int'
 1161 |   int padding = args[1]->Uint32Value();
      |       ^         ~~~~~~~~~~~~~~~~~~~~~~
../src/ursaNative.cc:1163:13: warning: 'RSA_private_encrypt' is deprecated [-Wdeprecated-declarations]
 1163 |   int ret = RSA_private_encrypt(length, (unsigned char *)data,
      |             ^
/Users/anirbanbiswas/Library/Caches/node-gyp/22.11.0/include/node/openssl/rsa.h:284:1: note: 'RSA_private_encrypt' has been explicitly marked deprecated here
  284 | OSSL_DEPRECATEDIN_3_0
      | ^
/Users/anirbanbiswas/Library/Caches/node-gyp/22.11.0/include/node/openssl/macros.h:182:49: note: expanded from macro 'OSSL_DEPRECATEDIN_3_0'
  182 | #   define OSSL_DEPRECATEDIN_3_0                OSSL_DEPRECATED(3.0)
      |                                                 ^
/Users/anirbanbiswas/Library/Caches/node-gyp/22.11.0/include/node/openssl/macros.h:62:52: note: expanded from macro 'OSSL_DEPRECATED'
   62 | #     define OSSL_DEPRECATED(since) __attribute__((deprecated))
      |                                                    ^
../src/ursaNative.cc:1210:19: warning: 'RSA_size' is deprecated [-Wdeprecated-declarations]
 1210 |   int rsaLength = RSA_size(obj->rsa);
      |                   ^
/Users/anirbanbiswas/Library/Caches/node-gyp/22.11.0/include/node/openssl/rsa.h:204:1: note: 'RSA_size' has been explicitly marked deprecated here
  204 | OSSL_DEPRECATEDIN_3_0 int RSA_size(const RSA *rsa);
      | ^
/Users/anirbanbiswas/Library/Caches/node-gyp/22.11.0/include/node/openssl/macros.h:182:49: note: expanded from macro 'OSSL_DEPRECATEDIN_3_0'
  182 | #   define OSSL_DEPRECATEDIN_3_0                OSSL_DEPRECATED(3.0)
      |                                                 ^
/Users/anirbanbiswas/Library/Caches/node-gyp/22.11.0/include/node/openssl/macros.h:62:52: note: expanded from macro 'OSSL_DEPRECATED'
   62 | #     define OSSL_DEPRECATED(since) __attribute__((deprecated))
      |                                                    ^
../src/ursaNative.cc:1211:33: warning: variable length arrays in C++ are a Clang extension [-Wvla-cxx-extension]
 1211 |   VAR_ARRAY(unsigned char, buf, rsaLength);
      |                                 ^~~~~~~~~
../src/ursaNative.cc:19:47: note: expanded from macro 'VAR_ARRAY'
   19 | #define VAR_ARRAY(type, name, size) type name[size]
      |                                               ^~~~
../src/ursaNative.cc:1211:33: note: read of non-const variable 'rsaLength' is not allowed in a constant expression
../src/ursaNative.cc:1210:7: note: declared here
 1210 |   int rsaLength = RSA_size(obj->rsa);
      |       ^
../src/ursaNative.cc:1218:38: error: too few arguments to function call, single argument 'context' was not specified
 1218 |   int padding = args[1]->Uint32Value();
      |                 ~~~~~~~~~~~~~~~~~~~~ ^
/Users/anirbanbiswas/Library/Caches/node-gyp/22.11.0/include/node/v8-value.h:445:41: note: 'Uint32Value' declared here
  445 |   V8_WARN_UNUSED_RESULT Maybe<uint32_t> Uint32Value(
      |                                         ^
  446 |       Local<Context> context) const;
      |       ~~~~~~~~~~~~~~~~~~~~~~
fatal error: too many errors emitted, stopping now [-ferror-limit=]
21 warnings and 20 errors generated.
make: *** [Release/obj.target/ursaNative/src/ursaNative.o] Error 1
gyp ERR! build error 
gyp ERR! stack Error: `make` failed with exit code: 2
gyp ERR! stack at ChildProcess.<anonymous> (/Users/anirbanbiswas/.nvm/versions/node/v22.11.0/lib/node_modules/npm/node_modules/node-gyp/lib/build.js:216:23)
gyp ERR! System Darwin 24.4.0
gyp ERR! command "/Users/anirbanbiswas/.nvm/versions/node/v22.11.0/bin/node" "/Users/anirbanbiswas/.nvm/versions/node/v22.11.0/lib/node_modules/npm/node_modules/node-gyp/bin/node-gyp.js" "rebuild"
gyp ERR! cwd /Users/anirbanbiswas/Desktop/Lab Assignments/blockchain project/PeerPool-Blockchain Project/peerpool/node_modules/ursa-optional
gyp ERR! node -v v22.11.0
gyp ERR! node-gyp -v v10.2.0
gyp ERR! not ok 
